<?xml version="1.0" encoding="UTF-8"?>
<!-- Generated by org.testng.reporters.JUnitReportReporter -->
<testsuite skipped="0" hostname="LAPTOP-II6A6BGH" name="testcases.ProfileTestcases" tests="1" failures="0" timestamp="05 Oct 2020 18:37:50 GMT" time="2.115" errors="0">
  <testcase name="profilee" time="2.115" classname="testcases.ProfileTestcases"/>
</testsuite> <!-- testcases.ProfileTestcases -->
