<?xml version="1.0" encoding="UTF-8"?>
<!-- Generated by org.testng.reporters.JUnitReportReporter -->
<testsuite skipped="0" hostname="LAPTOP-II6A6BGH" name="testcases.Scheduleappointmenttestcase" tests="1" failures="0" timestamp="05 Oct 2020 18:43:44 GMT" time="47.537" errors="0">
  <testcase name="appointment" time="47.537" classname="testcases.Scheduleappointmenttestcase"/>
</testsuite> <!-- testcases.Scheduleappointmenttestcase -->
