<?xml version="1.0" encoding="UTF-8"?>
<!-- Generated by org.testng.reporters.JUnitReportReporter -->
<testsuite skipped="0" hostname="LAPTOP-II6A6BGH" name="testcases.Informationtestcase" tests="1" failures="0" timestamp="05 Oct 2020 18:37:50 GMT" time="0.487" errors="0">
  <testcase name="checktitle" time="0.487" classname="testcases.Informationtestcase"/>
</testsuite> <!-- testcases.Informationtestcase -->
