<?xml version="1.0" encoding="UTF-8"?>
<!-- Generated by org.testng.reporters.JUnitReportReporter -->
<testsuite skipped="0" hostname="LAPTOP-II6A6BGH" name="testcases.Feetestcase" tests="1" failures="0" timestamp="05 Oct 2020 18:33:13 GMT" time="2.421" errors="0">
  <testcase name="feestructure" time="2.421" classname="testcases.Feetestcase"/>
</testsuite> <!-- testcases.Feetestcase -->
